<?xml version="1.0" encoding="UTF-8"?>
<!-- Generated by org.testng.reporters.JUnitXMLReporter -->
<testsuite hostname="DESKTOP-8UCFDRT" ignored="0" name="Default test" tests="3" failures="0" timestamp="2020-08-14T17:13:12 EDT" time="1.261" errors="0">
  <testcase name="@BeforeMethod Capabilities" time="-1.597439592189E9" classname="com.base.BaseClass">
    <failure type="org.testng.TestNGException" message="
Parameter &amp;apos;deviceType&amp;apos; is required by BeforeMethod on method Capabilities but has not been marked @Optional or defined
in C:\Users\shuhang\AppData\Local\Temp\testng-eclipse-920178143\testng-customsuite.xml">
      <![CDATA[org.testng.TestNGException: 
Parameter 'deviceType' is required by BeforeMethod on method Capabilities but has not been marked @Optional or defined
in C:\Users\shuhang\AppData\Local\Temp\testng-eclipse-920178143\testng-customsuite.xml
at org.testng.internal.Parameters.createParams(Parameters.java:272)
at org.testng.internal.Parameters.createParametersForMethod(Parameters.java:360)
at org.testng.internal.Parameters.createParameters(Parameters.java:704)
at org.testng.internal.Parameters.createConfigurationParameters(Parameters.java:166)
at org.testng.internal.ConfigInvoker.invokeConfigurations(ConfigInvoker.java:283)
at org.testng.internal.TestInvoker.runConfigMethods(TestInvoker.java:695)
at org.testng.internal.TestInvoker.invokeMethod(TestInvoker.java:523)
at org.testng.internal.TestInvoker.invokeTestMethod(TestInvoker.java:173)
at org.testng.internal.MethodRunner.runInSequence(MethodRunner.java:46)
at org.testng.internal.TestInvoker$MethodInvocationAgent.invoke(TestInvoker.java:816)
at org.testng.internal.TestInvoker.invokeTestMethods(TestInvoker.java:146)
at org.testng.internal.TestMethodWorker.invokeTestMethods(TestMethodWorker.java:146)
at org.testng.internal.TestMethodWorker.run(TestMethodWorker.java:128)
at java.util.ArrayList.forEach(Unknown Source)
at org.testng.TestRunner.privateRun(TestRunner.java:766)
at org.testng.TestRunner.run(TestRunner.java:587)
at org.testng.SuiteRunner.runTest(SuiteRunner.java:384)
at org.testng.SuiteRunner.runSequentially(SuiteRunner.java:378)
at org.testng.SuiteRunner.privateRun(SuiteRunner.java:337)
at org.testng.SuiteRunner.run(SuiteRunner.java:286)
at org.testng.SuiteRunnerWorker.runSuite(SuiteRunnerWorker.java:53)
at org.testng.SuiteRunnerWorker.run(SuiteRunnerWorker.java:96)
at org.testng.TestNG.runSuitesSequentially(TestNG.java:1187)
at org.testng.TestNG.runSuitesLocally(TestNG.java:1109)
at org.testng.TestNG.runSuites(TestNG.java:1039)
at org.testng.TestNG.run(TestNG.java:1007)
at org.testng.remote.AbstractRemoteTestNG.run(AbstractRemoteTestNG.java:115)
at org.testng.remote.RemoteTestNG.initAndRun(RemoteTestNG.java:251)
at org.testng.remote.RemoteTestNG.main(RemoteTestNG.java:77)
]]>
    </failure>
  </testcase> <!-- @BeforeMethod Capabilities -->
  <testcase name="@AfterMethod quitserver" time="-1.597439592235E9" classname="com.base.BaseClass">
    <skipped/>
  </testcase> <!-- @AfterMethod quitserver -->
  <testcase name="@BeforeMethod Capabilities" time="-1.597439592241E9" classname="com.base.BaseClass">
    <skipped/>
  </testcase> <!-- @BeforeMethod Capabilities -->
  <testcase name="@AfterMethod quitserver" time="-1.597439592256E9" classname="com.base.BaseClass">
    <skipped/>
  </testcase> <!-- @AfterMethod quitserver -->
  <testcase name="@BeforeMethod Capabilities" time="-1.597439592263E9" classname="com.base.BaseClass">
    <skipped/>
  </testcase> <!-- @BeforeMethod Capabilities -->
  <testcase name="@AfterMethod quitserver" time="-1.597439592278E9" classname="com.base.BaseClass">
    <skipped/>
  </testcase> <!-- @AfterMethod quitserver -->
  <testcase name="SignUpTest" time="0.0" classname="com.testCases.TC_Android_001">
    <skipped/>
  </testcase> <!-- SignUpTest -->
  <testcase name="SignUpTest" time="0.0" classname="com.testCases.TC_Android_001">
    <skipped/>
  </testcase> <!-- SignUpTest -->
  <testcase name="SignUpTest" time="0.0" classname="com.testCases.TC_Android_001">
    <skipped/>
  </testcase> <!-- SignUpTest -->
</testsuite> <!-- Default test -->
